# JRE version: OpenJDK Runtime Environment Temurin-17.0.15+6 (17.0.15+6) (build 17.0.15+6)
# Java VM: OpenJDK 64-Bit Server VM Temurin-17.0.15+6 (17.0.15+6, mixed mode, emulated-client, sharing, tiered, compressed oops, compressed class ptrs, g1 gc, windows-amd64)
GC Precious Log:
 CPUs: 12 total, 12 available
 Memory: 16095M
 Large Page Support: Disabled
 NUMA Support: Disabled
 Compressed Oops: Enabled (Zero based)
 Heap Region Size: 2M
 Heap Min Capacity: 8M
 Heap Initial Capacity: 252M
 Heap Max Capacity: 4024M
 Pre-touch: Disabled
 Parallel Workers: 10
 Concurrent Workers: 3
 Concurrent Refinement Workers: 10
 Periodic GC: Disabled
Heap:
 garbage-first heap   total 327680K, used 182567K [0x0000000704800000, 0x0000000800000000)
  region size 2048K, 4 young (8192K), 4 survivors (8192K)
 Metaspace       used 66686K, committed 67328K, reserved 1114112K
  class space    used 9945K, committed 10240K, reserved 1048576K
GC Heap History (20 events):
Event: 8.837 GC heap after
{Heap after GC invocations=16 (full 0):
 garbage-first heap   total 106496K, used 43537K [0x0000000704800000, 0x0000000800000000)
  region size 2048K, 4 young (8192K), 4 survivors (8192K)
 Metaspace       used 66685K, committed 67328K, reserved 1114112K
  class space    used 9945K, committed 10240K, reserved 1048576K
}
Event: 8.893 GC heap before
{Heap before GC invocations=16 (full 0):
 garbage-first heap   total 106496K, used 76305K [0x0000000704800000, 0x0000000800000000)
  region size 2048K, 20 young (40960K), 4 survivors (8192K)
 Metaspace       used 66685K, committed 67328K, reserved 1114112K
  class space    used 9945K, committed 10240K, reserved 1048576K
}
Event: 8.907 GC heap after
{Heap after GC invocations=17 (full 0):
 garbage-first heap   total 106496K, used 54892K [0x0000000704800000, 0x0000000800000000)
  region size 2048K, 3 young (6144K), 3 survivors (6144K)
 Metaspace       used 66685K, committed 67328K, reserved 1114112K
  class space    used 9945K, committed 10240K, reserved 1048576K
}
Event: 8.941 GC heap before
{Heap before GC invocations=17 (full 0):
 garbage-first heap   total 106496K, used 75372K [0x0000000704800000, 0x0000000800000000)
  region size 2048K, 13 young (26624K), 3 survivors (6144K)
 Metaspace       used 66685K, committed 67328K, reserved 1114112K
  class space    used 9945K, committed 10240K, reserved 1048576K
}
Event: 8.949 GC heap after
{Heap after GC invocations=18 (full 0):
 garbage-first heap   total 206848K, used 62828K [0x0000000704800000, 0x0000000800000000)
  region size 2048K, 2 young (4096K), 2 survivors (4096K)
 Metaspace       used 66685K, committed 67328K, reserved 1114112K
  class space    used 9945K, committed 10240K, reserved 1048576K
}
Event: 9.094 GC heap before
{Heap before GC invocations=19 (full 0):
 garbage-first heap   total 206848K, used 130412K [0x0000000704800000, 0x0000000800000000)
  region size 2048K, 34 young (69632K), 2 survivors (4096K)
 Metaspace       used 66685K, committed 67328K, reserved 1114112K
  class space    used 9945K, committed 10240K, reserved 1048576K
}
Event: 9.107 GC heap after
{Heap after GC invocations=20 (full 0):
 garbage-first heap   total 206848K, used 76343K [0x0000000704800000, 0x0000000800000000)
  region size 2048K, 5 young (10240K), 5 survivors (10240K)
 Metaspace       used 66685K, committed 67328K, reserved 1114112K
  class space    used 9945K, committed 10240K, reserved 1048576K
}
Event: 9.233 GC heap before
{Heap before GC invocations=20 (full 0):
 garbage-first heap   total 206848K, used 135735K [0x0000000704800000, 0x0000000800000000)
  region size 2048K, 34 young (69632K), 5 survivors (10240K)
 Metaspace       used 66685K, committed 67328K, reserved 1114112K
  class space    used 9945K, committed 10240K, reserved 1048576K
}
Event: 9.240 GC heap after
{Heap after GC invocations=21 (full 0):
 garbage-first heap   total 206848K, used 79984K [0x0000000704800000, 0x0000000800000000)
  region size 2048K, 2 young (4096K), 2 survivors (4096K)
 Metaspace       used 66685K, committed 67328K, reserved 1114112K
  class space    used 9945K, committed 10240K, reserved 1048576K
}
Event: 9.334 GC heap before
{Heap before GC invocations=21 (full 0):
 garbage-first heap   total 206848K, used 141424K [0x0000000704800000, 0x0000000800000000)
  region size 2048K, 32 young (65536K), 2 survivors (4096K)
 Metaspace       used 66685K, committed 67328K, reserved 1114112K
  class space    used 9945K, committed 10240K, reserved 1048576K
}
Event: 9.338 GC heap after
{Heap after GC invocations=22 (full 0):
 garbage-first heap   total 206848K, used 82810K [0x0000000704800000, 0x0000000800000000)
  region size 2048K, 3 young (6144K), 3 survivors (6144K)
 Metaspace       used 66685K, committed 67328K, reserved 1114112K
  class space    used 9945K, committed 10240K, reserved 1048576K
}
Event: 9.442 GC heap before
{Heap before GC invocations=22 (full 0):
 garbage-first heap   total 206848K, used 146298K [0x0000000704800000, 0x0000000800000000)
  region size 2048K, 34 young (69632K), 3 survivors (6144K)
 Metaspace       used 66685K, committed 67328K, reserved 1114112K
  class space    used 9945K, committed 10240K, reserved 1048576K
}
Event: 9.889 GC heap after
{Heap after GC invocations=23 (full 0):
 garbage-first heap   total 327680K, used 101088K [0x0000000704800000, 0x0000000800000000)
  region size 2048K, 5 young (10240K), 5 survivors (10240K)
 Metaspace       used 66685K, committed 67328K, reserved 1114112K
  class space    used 9945K, committed 10240K, reserved 1048576K
}
Event: 9.906 GC heap before
{Heap before GC invocations=23 (full 0):
 garbage-first heap   total 327680K, used 107232K [0x0000000704800000, 0x0000000800000000)
  region size 2048K, 8 young (16384K), 5 survivors (10240K)
 Metaspace       used 66685K, committed 67328K, reserved 1114112K
  class space    used 9945K, committed 10240K, reserved 1048576K
}
Event: 9.913 GC heap after
{Heap after GC invocations=24 (full 0):
 garbage-first heap   total 327680K, used 105579K [0x0000000704800000, 0x0000000800000000)
  region size 2048K, 1 young (2048K), 1 survivors (2048K)
 Metaspace       used 66685K, committed 67328K, reserved 1114112K
  class space    used 9945K, committed 10240K, reserved 1048576K
}
Event: 10.104 GC heap before
{Heap before GC invocations=24 (full 0):
 garbage-first heap   total 327680K, used 210027K [0x0000000704800000, 0x0000000800000000)
  region size 2048K, 51 young (104448K), 1 survivors (2048K)
 Metaspace       used 66685K, committed 67328K, reserved 1114112K
  class space    used 9945K, committed 10240K, reserved 1048576K
}
Event: 10.125 GC heap after
{Heap after GC invocations=25 (full 0):
 garbage-first heap   total 327680K, used 144182K [0x0000000704800000, 0x0000000800000000)
  region size 2048K, 7 young (14336K), 7 survivors (14336K)
 Metaspace       used 66685K, committed 67328K, reserved 1114112K
  class space    used 9945K, committed 10240K, reserved 1048576K
}
Event: 10.297 GC heap before
{Heap before GC invocations=25 (full 0):
 garbage-first heap   total 327680K, used 228150K [0x0000000704800000, 0x0000000800000000)
  region size 2048K, 46 young (94208K), 7 survivors (14336K)
 Metaspace       used 66685K, committed 67328K, reserved 1114112K
  class space    used 9945K, committed 10240K, reserved 1048576K
}
Event: 10.322 GC heap after
{Heap after GC invocations=26 (full 0):
 garbage-first heap   total 327680K, used 173105K [0x0000000704800000, 0x0000000800000000)
  region size 2048K, 6 young (12288K), 6 survivors (12288K)
 Metaspace       used 66685K, committed 67328K, reserved 1114112K
  class space    used 9945K, committed 10240K, reserved 1048576K
}
Event: 10.432 GC heap before
{Heap before GC invocations=26 (full 0):
 garbage-first heap   total 327680K, used 238641K [0x0000000704800000, 0x0000000800000000)
  region size 2048K, 38 young (77824K), 6 survivors (12288K)
 Metaspace       used 66686K, committed 67328K, reserved 1114112K
  class space    used 9945K, committed 10240K, reserved 1048576K
}

