# JRE version: OpenJDK Runtime Environment Temurin-17.0.15+6 (17.0.15+6) (build 17.0.15+6)
# Java VM: OpenJDK 64-Bit Server VM Temurin-17.0.15+6 (17.0.15+6, mixed mode, emulated-client, sharing, tiered, compressed oops, compressed class ptrs, g1 gc, windows-amd64)
GC Precious Log:
 CPUs: 12 total, 12 available
 Memory: 16095M
 Large Page Support: Disabled
 NUMA Support: Disabled
 Compressed Oops: Enabled (Zero based)
 Heap Region Size: 2M
 Heap Min Capacity: 8M
 Heap Initial Capacity: 252M
 Heap Max Capacity: 4024M
 Pre-touch: Disabled
 Parallel Workers: 10
 Concurrent Workers: 3
 Concurrent Refinement Workers: 10
 Periodic GC: Disabled
Heap:
 garbage-first heap   total 442368K, used 162814K [0x0000000704800000, 0x0000000800000000)
  region size 2048K, 4 young (8192K), 4 survivors (8192K)
 Metaspace       used 68602K, committed 69184K, reserved 1114112K
  class space    used 10309K, committed 10560K, reserved 1048576K
GC Heap History (20 events):
Event: 8.531 GC heap after
{Heap after GC invocations=19 (full 0):
 garbage-first heap   total 204800K, used 66757K [0x0000000704800000, 0x0000000800000000)
  region size 2048K, 2 young (4096K), 2 survivors (4096K)
 Metaspace       used 66678K, committed 67328K, reserved 1114112K
  class space    used 9940K, committed 10240K, reserved 1048576K
}
Event: 8.678 GC heap before
{Heap before GC invocations=20 (full 0):
 garbage-first heap   total 204800K, used 134341K [0x0000000704800000, 0x0000000800000000)
  region size 2048K, 34 young (69632K), 2 survivors (4096K)
 Metaspace       used 66679K, committed 67328K, reserved 1114112K
  class space    used 9940K, committed 10240K, reserved 1048576K
}
Event: 8.689 GC heap after
{Heap after GC invocations=21 (full 0):
 garbage-first heap   total 204800K, used 76997K [0x0000000704800000, 0x0000000800000000)
  region size 2048K, 5 young (10240K), 5 survivors (10240K)
 Metaspace       used 66679K, committed 67328K, reserved 1114112K
  class space    used 9940K, committed 10240K, reserved 1048576K
}
Event: 8.793 GC heap before
{Heap before GC invocations=21 (full 0):
 garbage-first heap   total 204800K, used 140485K [0x0000000704800000, 0x0000000800000000)
  region size 2048K, 36 young (73728K), 5 survivors (10240K)
 Metaspace       used 66679K, committed 67328K, reserved 1114112K
  class space    used 9940K, committed 10240K, reserved 1048576K
}
Event: 8.809 GC heap after
{Heap after GC invocations=22 (full 0):
 garbage-first heap   total 204800K, used 88361K [0x0000000704800000, 0x0000000800000000)
  region size 2048K, 5 young (10240K), 5 survivors (10240K)
 Metaspace       used 66679K, committed 67328K, reserved 1114112K
  class space    used 9940K, committed 10240K, reserved 1048576K
}
Event: 8.914 GC heap before
{Heap before GC invocations=22 (full 0):
 garbage-first heap   total 204800K, used 145705K [0x0000000704800000, 0x0000000800000000)
  region size 2048K, 33 young (67584K), 5 survivors (10240K)
 Metaspace       used 66679K, committed 67328K, reserved 1114112K
  class space    used 9940K, committed 10240K, reserved 1048576K
}
Event: 8.927 GC heap after
{Heap after GC invocations=23 (full 0):
 garbage-first heap   total 204800K, used 100671K [0x0000000704800000, 0x0000000800000000)
  region size 2048K, 5 young (10240K), 5 survivors (10240K)
 Metaspace       used 66679K, committed 67328K, reserved 1114112K
  class space    used 9940K, committed 10240K, reserved 1048576K
}
Event: 9.004 GC heap before
{Heap before GC invocations=23 (full 0):
 garbage-first heap   total 204800K, used 149823K [0x0000000704800000, 0x0000000800000000)
  region size 2048K, 29 young (59392K), 5 survivors (10240K)
 Metaspace       used 66679K, committed 67328K, reserved 1114112K
  class space    used 9940K, committed 10240K, reserved 1048576K
}
Event: 9.030 GC heap after
{Heap after GC invocations=24 (full 0):
 garbage-first heap   total 204800K, used 120285K [0x0000000704800000, 0x0000000800000000)
  region size 2048K, 4 young (8192K), 4 survivors (8192K)
 Metaspace       used 66679K, committed 67328K, reserved 1114112K
  class space    used 9940K, committed 10240K, reserved 1048576K
}
Event: 9.083 GC heap before
{Heap before GC invocations=24 (full 0):
 garbage-first heap   total 204800K, used 155101K [0x0000000704800000, 0x0000000800000000)
  region size 2048K, 21 young (43008K), 4 survivors (8192K)
 Metaspace       used 66679K, committed 67328K, reserved 1114112K
  class space    used 9940K, committed 10240K, reserved 1048576K
}
Event: 9.107 GC heap after
{Heap after GC invocations=25 (full 0):
 garbage-first heap   total 442368K, used 134853K [0x0000000704800000, 0x0000000800000000)
  region size 2048K, 3 young (6144K), 3 survivors (6144K)
 Metaspace       used 66679K, committed 67328K, reserved 1114112K
  class space    used 9940K, committed 10240K, reserved 1048576K
}
Event: 9.403 GC heap before
{Heap before GC invocations=26 (full 0):
 garbage-first heap   total 389120K, used 251589K [0x0000000704800000, 0x0000000800000000)
  region size 2048K, 69 young (141312K), 3 survivors (6144K)
 Metaspace       used 66679K, committed 67328K, reserved 1114112K
  class space    used 9940K, committed 10240K, reserved 1048576K
}
Event: 9.430 GC heap after
{Heap after GC invocations=27 (full 0):
 garbage-first heap   total 389120K, used 160203K [0x0000000704800000, 0x0000000800000000)
  region size 2048K, 9 young (18432K), 9 survivors (18432K)
 Metaspace       used 66679K, committed 67328K, reserved 1114112K
  class space    used 9940K, committed 10240K, reserved 1048576K
}
Event: 9.437 GC heap before
{Heap before GC invocations=27 (full 0):
 garbage-first heap   total 389120K, used 162251K [0x0000000704800000, 0x0000000800000000)
  region size 2048K, 10 young (20480K), 9 survivors (18432K)
 Metaspace       used 66679K, committed 67328K, reserved 1114112K
  class space    used 9940K, committed 10240K, reserved 1048576K
}
Event: 9.449 GC heap after
{Heap after GC invocations=28 (full 0):
 garbage-first heap   total 389120K, used 139982K [0x0000000704800000, 0x0000000800000000)
  region size 2048K, 2 young (4096K), 2 survivors (4096K)
 Metaspace       used 66679K, committed 67328K, reserved 1114112K
  class space    used 9940K, committed 10240K, reserved 1048576K
}
Event: 9.605 GC heap before
{Heap before GC invocations=28 (full 0):
 garbage-first heap   total 389120K, used 236238K [0x0000000704800000, 0x0000000800000000)
  region size 2048K, 49 young (100352K), 2 survivors (4096K)
 Metaspace       used 66679K, committed 67328K, reserved 1114112K
  class space    used 9940K, committed 10240K, reserved 1048576K
}
Event: 9.621 GC heap after
{Heap after GC invocations=29 (full 0):
 garbage-first heap   total 389120K, used 155793K [0x0000000704800000, 0x0000000800000000)
  region size 2048K, 7 young (14336K), 7 survivors (14336K)
 Metaspace       used 66679K, committed 67328K, reserved 1114112K
  class space    used 9940K, committed 10240K, reserved 1048576K
}
Event: 9.831 GC heap before
{Heap before GC invocations=29 (full 0):
 garbage-first heap   total 389120K, used 252049K [0x0000000704800000, 0x0000000800000000)
  region size 2048K, 54 young (110592K), 7 survivors (14336K)
 Metaspace       used 67053K, committed 67648K, reserved 1114112K
  class space    used 10074K, committed 10368K, reserved 1048576K
}
Event: 9.847 GC heap after
{Heap after GC invocations=30 (full 0):
 garbage-first heap   total 389120K, used 162263K [0x0000000704800000, 0x0000000800000000)
  region size 2048K, 4 young (8192K), 4 survivors (8192K)
 Metaspace       used 67053K, committed 67648K, reserved 1114112K
  class space    used 10074K, committed 10368K, reserved 1048576K
}
Event: 10.185 GC heap before
{Heap before GC invocations=30 (full 0):
 garbage-first heap   total 389120K, used 264663K [0x0000000704800000, 0x0000000800000000)
  region size 2048K, 54 young (110592K), 4 survivors (8192K)
 Metaspace       used 68602K, committed 69184K, reserved 1114112K
  class space    used 10309K, committed 10560K, reserved 1048576K
}

