# JRE version: OpenJDK Runtime Environment Temurin-17.0.15+6 (17.0.15+6) (build 17.0.15+6)
# Java VM: OpenJDK 64-Bit Server VM Temurin-17.0.15+6 (17.0.15+6, mixed mode, emulated-client, sharing, tiered, compressed oops, compressed class ptrs, g1 gc, windows-amd64)
GC Precious Log:
 CPUs: 12 total, 12 available
 Memory: 16095M
 Large Page Support: Disabled
 NUMA Support: Disabled
 Compressed Oops: Enabled (Zero based)
 Heap Region Size: 2M
 Heap Min Capacity: 8M
 Heap Initial Capacity: 252M
 Heap Max Capacity: 4024M
 Pre-touch: Disabled
 Parallel Workers: 10
 Concurrent Workers: 3
 Concurrent Refinement Workers: 10
 Periodic GC: Disabled
Heap:
 garbage-first heap   total 438272K, used 182664K [0x0000000704800000, 0x0000000800000000)
  region size 2048K, 5 young (10240K), 5 survivors (10240K)
 Metaspace       used 72230K, committed 72832K, reserved 1114112K
  class space    used 10867K, committed 11136K, reserved 1048576K
GC Heap History (20 events):
Event: 8.357 GC heap after
{Heap after GC invocations=15 (full 0):
 garbage-first heap   total 135168K, used 30993K [0x0000000704800000, 0x0000000800000000)
  region size 2048K, 3 young (6144K), 3 survivors (6144K)
 Metaspace       used 63223K, committed 63808K, reserved 1114112K
  class space    used 9341K, committed 9600K, reserved 1048576K
}
Event: 8.361 GC heap before
{Heap before GC invocations=15 (full 0):
 garbage-first heap   total 135168K, used 33041K [0x0000000704800000, 0x0000000800000000)
  region size 2048K, 4 young (8192K), 3 survivors (6144K)
 Metaspace       used 63223K, committed 63808K, reserved 1114112K
  class space    used 9341K, committed 9600K, reserved 1048576K
}
Event: 8.366 GC heap after
{Heap after GC invocations=16 (full 0):
 garbage-first heap   total 135168K, used 30235K [0x0000000704800000, 0x0000000800000000)
  region size 2048K, 1 young (2048K), 1 survivors (2048K)
 Metaspace       used 63223K, committed 63808K, reserved 1114112K
  class space    used 9341K, committed 9600K, reserved 1048576K
}
Event: 8.735 GC heap before
{Heap before GC invocations=16 (full 0):
 garbage-first heap   total 135168K, used 106011K [0x0000000704800000, 0x0000000800000000)
  region size 2048K, 38 young (77824K), 1 survivors (2048K)
 Metaspace       used 66642K, committed 67264K, reserved 1114112K
  class space    used 9935K, committed 10240K, reserved 1048576K
}
Event: 8.739 GC heap after
{Heap after GC invocations=17 (full 0):
 garbage-first heap   total 135168K, used 34640K [0x0000000704800000, 0x0000000800000000)
  region size 2048K, 3 young (6144K), 3 survivors (6144K)
 Metaspace       used 66642K, committed 67264K, reserved 1114112K
  class space    used 9935K, committed 10240K, reserved 1048576K
}
Event: 8.845 GC heap before
{Heap before GC invocations=17 (full 0):
 garbage-first heap   total 135168K, used 102224K [0x0000000704800000, 0x0000000800000000)
  region size 2048K, 36 young (73728K), 3 survivors (6144K)
 Metaspace       used 66642K, committed 67264K, reserved 1114112K
  class space    used 9935K, committed 10240K, reserved 1048576K
}
Event: 8.857 GC heap after
{Heap after GC invocations=18 (full 0):
 garbage-first heap   total 135168K, used 56717K [0x0000000704800000, 0x0000000800000000)
  region size 2048K, 5 young (10240K), 5 survivors (10240K)
 Metaspace       used 66642K, committed 67264K, reserved 1114112K
  class space    used 9935K, committed 10240K, reserved 1048576K
}
Event: 8.931 GC heap before
{Heap before GC invocations=18 (full 0):
 garbage-first heap   total 135168K, used 99725K [0x0000000704800000, 0x0000000800000000)
  region size 2048K, 25 young (51200K), 5 survivors (10240K)
 Metaspace       used 66642K, committed 67264K, reserved 1114112K
  class space    used 9935K, committed 10240K, reserved 1048576K
}
Event: 8.945 GC heap after
{Heap after GC invocations=19 (full 0):
 garbage-first heap   total 135168K, used 70583K [0x0000000704800000, 0x0000000800000000)
  region size 2048K, 4 young (8192K), 4 survivors (8192K)
 Metaspace       used 66642K, committed 67264K, reserved 1114112K
  class space    used 9935K, committed 10240K, reserved 1048576K
}
Event: 8.992 GC heap before
{Heap before GC invocations=19 (full 0):
 garbage-first heap   total 135168K, used 99255K [0x0000000704800000, 0x0000000800000000)
  region size 2048K, 18 young (36864K), 4 survivors (8192K)
 Metaspace       used 66644K, committed 67264K, reserved 1114112K
  class space    used 9935K, committed 10240K, reserved 1048576K
}
Event: 9.002 GC heap after
{Heap after GC invocations=20 (full 0):
 garbage-first heap   total 135168K, used 75225K [0x0000000704800000, 0x0000000800000000)
  region size 2048K, 2 young (4096K), 2 survivors (4096K)
 Metaspace       used 66644K, committed 67264K, reserved 1114112K
  class space    used 9935K, committed 10240K, reserved 1048576K
}
Event: 9.079 GC heap before
{Heap before GC invocations=20 (full 0):
 garbage-first heap   total 163840K, used 101849K [0x0000000704800000, 0x0000000800000000)
  region size 2048K, 16 young (32768K), 2 survivors (4096K)
 Metaspace       used 66644K, committed 67264K, reserved 1114112K
  class space    used 9935K, committed 10240K, reserved 1048576K
}
Event: 9.087 GC heap after
{Heap after GC invocations=21 (full 0):
 garbage-first heap   total 438272K, used 79000K [0x0000000704800000, 0x0000000800000000)
  region size 2048K, 2 young (4096K), 2 survivors (4096K)
 Metaspace       used 66644K, committed 67264K, reserved 1114112K
  class space    used 9935K, committed 10240K, reserved 1048576K
}
Event: 9.423 GC heap before
{Heap before GC invocations=22 (full 0):
 garbage-first heap   total 438272K, used 253080K [0x0000000704800000, 0x0000000800000000)
  region size 2048K, 87 young (178176K), 2 survivors (4096K)
 Metaspace       used 66644K, committed 67264K, reserved 1114112K
  class space    used 9935K, committed 10240K, reserved 1048576K
}
Event: 9.443 GC heap after
{Heap after GC invocations=23 (full 0):
 garbage-first heap   total 438272K, used 107173K [0x0000000704800000, 0x0000000800000000)
  region size 2048K, 11 young (22528K), 11 survivors (22528K)
 Metaspace       used 66644K, committed 67264K, reserved 1114112K
  class space    used 9935K, committed 10240K, reserved 1048576K
}
Event: 9.838 GC heap before
{Heap before GC invocations=23 (full 0):
 garbage-first heap   total 438272K, used 322213K [0x0000000704800000, 0x0000000800000000)
  region size 2048K, 113 young (231424K), 11 survivors (22528K)
 Metaspace       used 66644K, committed 67264K, reserved 1114112K
  class space    used 9935K, committed 10240K, reserved 1048576K
}
Event: 9.878 GC heap after
{Heap after GC invocations=24 (full 0):
 garbage-first heap   total 438272K, used 170149K [0x0000000704800000, 0x0000000800000000)
  region size 2048K, 15 young (30720K), 15 survivors (30720K)
 Metaspace       used 66644K, committed 67264K, reserved 1114112K
  class space    used 9935K, committed 10240K, reserved 1048576K
}
Event: 10.180 GC heap before
{Heap before GC invocations=24 (full 0):
 garbage-first heap   total 438272K, used 309413K [0x0000000704800000, 0x0000000800000000)
  region size 2048K, 83 young (169984K), 15 survivors (30720K)
 Metaspace       used 67052K, committed 67648K, reserved 1114112K
  class space    used 10070K, committed 10368K, reserved 1048576K
}
Event: 10.205 GC heap after
{Heap after GC invocations=25 (full 0):
 garbage-first heap   total 438272K, used 177982K [0x0000000704800000, 0x0000000800000000)
  region size 2048K, 3 young (6144K), 3 survivors (6144K)
 Metaspace       used 67052K, committed 67648K, reserved 1114112K
  class space    used 10070K, committed 10368K, reserved 1048576K
}
Event: 11.319 GC heap before
{Heap before GC invocations=25 (full 0):
 garbage-first heap   total 438272K, used 321342K [0x0000000704800000, 0x0000000800000000)
  region size 2048K, 73 young (149504K), 3 survivors (6144K)
 Metaspace       used 72230K, committed 72832K, reserved 1114112K
  class space    used 10867K, committed 11136K, reserved 1048576K
}

